<?xml version="1.0" encoding="UTF-8"?><testsuites time="9.27"><testsuite name="ClientSideHash Test" tests="10" failures="1" errors="0" time="9.27" timestamp="2014-10-31T01:53:55.292Z" package="ClientSideHashTest"><testcase name="title is as expected" classname="ClientSideHashTest" time="2.649"></testcase><testcase name="firstname input found" classname="ClientSideHashTest" time="0.956"></testcase><testcase name="lastname input found" classname="ClientSideHashTest" time="0.058"></testcase><testcase name="AccountType [name] input found" classname="ClientSideHashTest" time="0.025"></testcase><testcase name="email input found" classname="ClientSideHashTest" time="0.02"></testcase><testcase name="password input found" classname="ClientSideHashTest" time="0.031"></testcase><testcase name="confirmpassword input found" classname="ClientSideHashTest" time="0.023"></testcase><testcase name="register button found" classname="ClientSideHashTest" time="0.029"></testcase><testcase name="cancel button found" classname="ClientSideHashTest" time="0.001"></testcase><testcase name="http://localhost:9000/register/process did not load in 5000ms" classname="ClientSideHashTest" time="5.478"><error type="object">undefined</error><failure type="uncaughtError">http://localhost:9000/register/process did not load in 5000ms</failure></testcase><system-out></system-out></testsuite></testsuites>