<?xml version="1.0" encoding="UTF-8"?><testsuites time="4.248"><testsuite name="Homepage Test" tests="7" failures="0" errors="0" time="4.248" timestamp="2014-10-31T01:51:41.082Z" package="HomepageTest"><testcase name="title is as expected" classname="HomepageTest" time="2.716"></testcase><testcase name="flight source input found" classname="HomepageTest" time="0.734"></testcase><testcase name="flight destination input found" classname="HomepageTest" time="0.054"></testcase><testcase name="flight departing input found" classname="HomepageTest" time="0.026"></testcase><testcase name="flight returning input found" classname="HomepageTest" time="0.028"></testcase><testcase name="find flight button found" classname="HomepageTest" time="0.023"></testcase><testcase name="successfully searched for a flight" classname="HomepageTest" time="0.667"></testcase><system-out></system-out></testsuite></testsuites>