<?xml version="1.0" encoding="UTF-8"?><testsuites time="3.752"><testsuite name="SQLInjection Test" tests="5" failures="0" errors="0" time="3.752" timestamp="2014-10-31T01:53:05.253Z" package="SQLInjectionTest"><testcase name="title is as expected" classname="SQLInjectionTest" time="2.773"></testcase><testcase name="login link found" classname="SQLInjectionTest" time="0.811"></testcase><testcase name="email input exists" classname="SQLInjectionTest" time="0.163"></testcase><testcase name="password input exists" classname="SQLInjectionTest" time="0.002"></testcase><testcase name="submit login button exists" classname="SQLInjectionTest" time="0.003"></testcase><system-out></system-out></testsuite></testsuites>